<?xml version="1.0" encoding="UTF-8"?>
<!-- Generated by org.testng.reporters.JUnitReportReporter -->
<testsuite hostname="SajeebPC" failures="0" tests="9" name="com.testing.lambdatest.Testing" time="183.872" errors="0" timestamp="2022-02-17T00:14:11 EST" skipped="0">
  <testcase classname="com.testing.lambdatest.Testing" name="RealCredentials" time="6.040"/>
  <system-out/>
  <testcase classname="com.testing.lambdatest.Testing" name="IssueTrackerTab" time="21.794"/>
  <system-out/>
  <testcase classname="com.testing.lambdatest.Testing" name="LTBrowserTabCheck" time="15.397"/>
  <system-out/>
  <testcase classname="com.testing.lambdatest.Testing" name="RealTimeTabCheck" time="16.292"/>
  <system-out/>
  <testcase classname="com.testing.lambdatest.Testing" name="TestLogTabCheck" time="16.399"/>
  <system-out/>
  <testcase classname="com.testing.lambdatest.Testing" name="WebTesting" time="23.745"/>
  <system-out/>
  <testcase classname="com.testing.lambdatest.Testing" name="FakeCredentials" time="8.444"/>
  <system-out/>
  <testcase classname="com.testing.lambdatest.Testing" name="projects" time="20.015"/>
  <system-out/>
  <testcase classname="com.testing.lambdatest.Testing" name="IntregationTab" time="55.746"/>
  <system-out/>
</testsuite> <!-- com.testing.lambdatest.Testing -->
